<?xml version="1.0" encoding="UTF-8"?>
<!-- Generated by org.testng.reporters.JUnitReportReporter -->
<testsuite hostname="LAPTOP-L5EQP6CH" failures="0" tests="1" name="testCasePackage.FlipkartSearch" time="91.828" errors="0" timestamp="2022-04-15T19:39:10 BDT" skipped="0">
  <testcase classname="testCasePackage.FlipkartSearch" name="locatorLearning" time="91.828"/>
  <system-out/>
</testsuite> <!-- testCasePackage.FlipkartSearch -->
